INFO: [VRFC 10-2263] Analyzing SystemVerilog file "/home/mckayla/Desktop/mdennis_thesis_23_24/QuickQ/RTL/quickQ_pkg.sv" into library xil_defaultlib
INFO: [VRFC 10-2263] Analyzing SystemVerilog file "/home/mckayla/Desktop/mdennis_thesis_23_24/QuickQ/RTL/ControlFSM.sv" into library xil_defaultlib
INFO: [VRFC 10-311] analyzing module ControlFSM
INFO: [VRFC 10-2263] Analyzing SystemVerilog file "/home/mckayla/Desktop/mdennis_thesis_23_24/QuickQ/RTL/array_pointer.sv" into library xil_defaultlib
INFO: [VRFC 10-311] analyzing module array_pointer
INFO: [VRFC 10-2263] Analyzing SystemVerilog file "/home/mckayla/Desktop/mdennis_thesis_23_24/QuickQ/RTL/count2.sv" into library xil_defaultlib
INFO: [VRFC 10-311] analyzing module count2
INFO: [VRFC 10-2263] Analyzing SystemVerilog file "/home/mckayla/Desktop/mdennis_thesis_23_24/QuickQ/RTL/dffe.sv" into library xil_defaultlib
INFO: [VRFC 10-311] analyzing module dffe
INFO: [VRFC 10-2263] Analyzing SystemVerilog file "/home/mckayla/Desktop/mdennis_thesis_23_24/QuickQ/RTL/last_cnt.sv" into library xil_defaultlib
INFO: [VRFC 10-311] analyzing module last_cnt
INFO: [VRFC 10-2263] Analyzing SystemVerilog file "/home/mckayla/Desktop/mdennis_thesis_23_24/QuickQ/RTL/lastop_enc.sv" into library xil_defaultlib
INFO: [VRFC 10-311] analyzing module lastop_enc
INFO: [VRFC 10-2263] Analyzing SystemVerilog file "/home/mckayla/Desktop/mdennis_thesis_23_24/QuickQ/RTL/mem2p_sw_sr.sv" into library xil_defaultlib
INFO: [VRFC 10-311] analyzing module mem2p_sw_sr
INFO: [VRFC 10-2263] Analyzing SystemVerilog file "/home/mckayla/Desktop/mdennis_thesis_23_24/QuickQ/RTL/mux2.sv" into library xil_defaultlib
INFO: [VRFC 10-311] analyzing module mux2
INFO: [VRFC 10-2263] Analyzing SystemVerilog file "/home/mckayla/Desktop/mdennis_thesis_23_24/QuickQ/RTL/mux4.sv" into library xil_defaultlib
INFO: [VRFC 10-311] analyzing module mux4
INFO: [VRFC 10-2263] Analyzing SystemVerilog file "/home/mckayla/Desktop/mdennis_thesis_23_24/QuickQ/RTL/quickQueueTop.sv" into library xil_defaultlib
INFO: [VRFC 10-311] analyzing module quickQueueTop
INFO: [VRFC 10-2263] Analyzing SystemVerilog file "/home/mckayla/Desktop/mdennis_thesis_23_24/QuickQ/RTL/reg_sr.sv" into library xil_defaultlib
INFO: [VRFC 10-311] analyzing module reg_sr
INFO: [VRFC 10-2263] Analyzing SystemVerilog file "/home/mckayla/Desktop/mdennis_thesis_23_24/QuickQ/RTL/reg_sr_empty.sv" into library xil_defaultlib
INFO: [VRFC 10-311] analyzing module reg_sr_empty
INFO: [VRFC 10-2263] Analyzing SystemVerilog file "/home/mckayla/Desktop/mdennis_thesis_23_24/QuickQ/RTL/valueRouter.sv" into library xil_defaultlib
INFO: [VRFC 10-311] analyzing module valueRouter
INFO: [VRFC 10-2263] Analyzing SystemVerilog file "/home/mckayla/Desktop/mdennis_thesis_23_24/QuickQ/Simulation/coreTest.sv" into library xil_defaultlib
INFO: [VRFC 10-311] analyzing module coreTest
