#-----------------------------------------------------------
# Vivado v2020.2 (64-bit)
# SW Build 3064766 on Wed Nov 18 09:12:45 MST 2020
# IP Build 3064653 on Wed Nov 18 14:17:31 MST 2020
# Start of session at: Mon Sep  4 16:56:09 2023
# Process ID: 5208
# Current directory: C:/Users/dennismj/Documents/Thesis/mdennis_thesis_23_24/QuickQ
# Command line: vivado.exe -gui_launcher_event rodinguilauncherevent18164 C:\Users\dennismj\Documents\Thesis\mdennis_thesis_23_24\QuickQ\QuickQ_project.xpr
# Log file: C:/Users/dennismj/Documents/Thesis/mdennis_thesis_23_24/QuickQ/vivado.log
# Journal file: C:/Users/dennismj/Documents/Thesis/mdennis_thesis_23_24/QuickQ\vivado.jou
#-----------------------------------------------------------
start_gui
open_project C:/Users/dennismj/Documents/Thesis/mdennis_thesis_23_24/QuickQ/QuickQ_project.xpr
INFO: [Project 1-313] Project file moved from 'C:/Users/ehgartns/Documents/PQrep/pq_Research/QuickQ' since last save.
WARNING: [filemgmt 56-2] Default IP Output Path : Could not find the directory 'C:/Users/dennismj/Documents/Thesis/mdennis_thesis_23_24/QuickQ/QuickQ_project.gen/sources_1', nor could it be found using path 'C:/Users/ehgartns/Documents/PQrep/pq_Research/QuickQ/QuickQ_project.gen/sources_1'.
Scanning sources...
Finished scanning sources
INFO: [IP_Flow 19-234] Refreshing IP repositories
INFO: [IP_Flow 19-1704] No user IP repositories specified
INFO: [IP_Flow 19-2313] Loaded Vivado IP repository 'C:/Xilinx/Vivado/2020.2/data/ip'.
open_project: Time (s): cpu = 00:00:02 ; elapsed = 00:00:06 . Memory (MB): peak = 1088.781 ; gain = 0.000
update_compile_order -fileset sources_1
exit
INFO: [Common 17-206] Exiting Vivado at Mon Sep  4 16:56:52 2023...
