#-----------------------------------------------------------
# Vivado v2020.2 (64-bit)
# SW Build 3064766 on Wed Nov 18 09:12:45 MST 2020
# IP Build 3064653 on Wed Nov 18 14:17:31 MST 2020
# Start of session at: Thu Aug  4 12:35:39 2022
# Process ID: 11548
# Current directory: C:/Users/ehgartns/Documents/new_pq_repo/QuickQ
# Command line: vivado.exe -gui_launcher_event rodinguilauncherevent13612 C:\Users\ehgartns\Documents\new_pq_repo\QuickQ\QuickQ_project.xpr
# Log file: C:/Users/ehgartns/Documents/new_pq_repo/QuickQ/vivado.log
# Journal file: C:/Users/ehgartns/Documents/new_pq_repo/QuickQ\vivado.jou
#-----------------------------------------------------------
start_gui
open_project C:/Users/ehgartns/Documents/new_pq_repo/QuickQ/QuickQ_project.xpr
WARNING: [filemgmt 56-3] Default IP Output Path : Could not find the directory 'C:/Users/ehgartns/Documents/new_pq_repo/QuickQ/QuickQ_project.gen/sources_1'.
Scanning sources...
Finished scanning sources
INFO: [IP_Flow 19-234] Refreshing IP repositories
INFO: [IP_Flow 19-1704] No user IP repositories specified
INFO: [IP_Flow 19-2313] Loaded Vivado IP repository 'C:/Xilinx/Vivado/2020.2/data/ip'.
open_project: Time (s): cpu = 00:00:22 ; elapsed = 00:00:14 . Memory (MB): peak = 1072.926 ; gain = 0.000
update_compile_order -fileset sources_1
exit
INFO: [Common 17-206] Exiting Vivado at Thu Aug  4 14:19:23 2022...
