#-----------------------------------------------------------
# Vivado v2020.2 (64-bit)
# SW Build 3064766 on Wed Nov 18 09:12:45 MST 2020
# IP Build 3064653 on Wed Nov 18 14:17:31 MST 2020
# Start of session at: Thu Jul  7 11:10:57 2022
# Process ID: 9752
# Current directory: C:/Users/ehgartns/Documents/summerReasearch2022/hw_pq/ra_pq
# Command line: vivado.exe -gui_launcher_event rodinguilauncherevent8500 C:\Users\ehgartns\Documents\summerReasearch2022\hw_pq\ra_pq\ra_pq_project.xpr
# Log file: C:/Users/ehgartns/Documents/summerReasearch2022/hw_pq/ra_pq/vivado.log
# Journal file: C:/Users/ehgartns/Documents/summerReasearch2022/hw_pq/ra_pq\vivado.jou
#-----------------------------------------------------------
start_gui
open_project C:/Users/ehgartns/Documents/summerReasearch2022/hw_pq/ra_pq/ra_pq_project.xpr
WARNING: [filemgmt 56-3] Default IP Output Path : Could not find the directory 'C:/Users/ehgartns/Documents/summerReasearch2022/hw_pq/ra_pq/ra_pq_project.gen/sources_1'.
Scanning sources...
Finished scanning sources
INFO: [IP_Flow 19-234] Refreshing IP repositories
INFO: [IP_Flow 19-1704] No user IP repositories specified
INFO: [IP_Flow 19-2313] Loaded Vivado IP repository 'C:/Xilinx/Vivado/2020.2/data/ip'.
open_project: Time (s): cpu = 00:00:21 ; elapsed = 00:00:11 . Memory (MB): peak = 1088.688 ; gain = 0.000
update_compile_order -fileset sources_1
reset_run synth_1
launch_runs impl_1 -jobs 2
[Thu Jul  7 11:13:27 2022] Launched synth_1...
Run output will be captured here: C:/Users/ehgartns/Documents/summerReasearch2022/hw_pq/ra_pq/ra_pq_project.runs/synth_1/runme.log
[Thu Jul  7 11:13:27 2022] Launched impl_1...
Run output will be captured here: C:/Users/ehgartns/Documents/summerReasearch2022/hw_pq/ra_pq/ra_pq_project.runs/impl_1/runme.log
exit
INFO: [Common 17-206] Exiting Vivado at Thu Jul  7 11:37:45 2022...
