#
# An unexpected error has occurred (11)
#
Stack:
/home/user/Xylinx/Vivado/2023.1/tps/lnx64/jre17.0.3_7/lib//server/libjvm.so(+0xd7d55f) [0x7f4b2cf7d55f]
/home/user/Xylinx/Vivado/2023.1/tps/lnx64/jre17.0.3_7/lib//server/libjvm.so(JVM_handle_linux_signal+0x23d) [0x7f4b2cf7e03d]
/lib/x86_64-linux-gnu/libc.so.6(+0x3bfd0) [0x7f4b6d25afd0]
/home/user/Xylinx/Vivado/2023.1/lib/lnx64.o/librdi_wavedata.so(+0x286cc5) [0x7f4b3ca86cc5]
/home/user/Xylinx/Vivado/2023.1/lib/lnx64.o/librdi_wavedata.so(SimBridge::DataObjMgr::createDrawingBTree(std::vector<SimBridge::IDataObj const*, std::allocator<SimBridge::IDataObj const*> > const&, ISIM::IGuiStatus*, bool)+0x207) [0x7f4b3ca87287]
/home/user/Xylinx/Vivado/2023.1/lib/lnx64.o/librdi_wavedata.so(SimBridge::DataReader::getTransitions(SimBridge::IDataObj const*, long long, long long, long long, SimBridge::ValueFormat const&, std::vector<SimBridge::Transition, std::allocator<SimBridge::Transition> >&) const+0x6f) [0x7f4b3ca924df]
/home/user/Xylinx/Vivado/2023.1/lib/lnx64.o/librdi_wavedata.so(SG_Model::ModelImp::getTransitions(SimBridge::IDataObj const*, SG_Model::IDatabase*, long long, long long, long long, SimBridge::ValueFormat const&, bool, std::vector<SimBridge::Transition, std::allocator<SimBridge::Transition> >&) const+0xbd) [0x7f4b3cb3238d]
/home/user/Xylinx/Vivado/2023.1/lib/lnx64.o/librdi_wavedata.so(SG_Model::Model::getTransitions(SG_Model::WVDataObject const*, long long, long long, long long, SimBridge::ValueFormat const&, bool, std::vector<SimBridge::Transition, std::allocator<SimBridge::Transition> >&) const+0x12c) [0x7f4b3cb33aac]
/home/user/Xylinx/Vivado/2023.1/lib/lnx64.o/librdi_wavedata.so(+0x362eda) [0x7f4b3cb62eda]
/home/user/Xylinx/Vivado/2023.1/lib/lnx64.o/librdi_wavedata.so(SG_Model::WaveformRender::render(SG_Model::WVDataObject const&)+0x294) [0x7f4b3cb5f574]
/home/user/Xylinx/Vivado/2023.1/lib/lnx64.o/librdi_wavedata.so(WaveViewer::WVWaveformPanel::WaveformTraverser::drawWaveform(SG_Model::WVDataObject const*, int, int)+0x38e) [0x7f4b3cbda5fe]
/home/user/Xylinx/Vivado/2023.1/lib/lnx64.o/librdi_wavedata.so(WaveViewer::WVWaveformPanel::WaveformTraverser::handleItemSize(WaveViewer::WVTreeWVObjectModel::ITraverseHandler::TraverseItem const&)+0x52) [0x7f4b3cbda8d2]
/home/user/Xylinx/Vivado/2023.1/lib/lnx64.o/librdi_wavedata.so(WaveViewer::WVTreeWVObjectModel::traverseYRange(SG_Model::WVDataObject const*, WaveViewer::WVTreeWVObjectModel::ITraverseHandler&, int, int, int&, int&) const+0x234) [0x7f4b3cbbddf4]
/home/user/Xylinx/Vivado/2023.1/lib/lnx64.o/librdi_wavedata.so(WaveViewer::WVTreeWVObjectModel::traverseYRange(SG_Model::WVDataObject const*, WaveViewer::WVTreeWVObjectModel::ITraverseHandler&, int, int, int&, int&) const+0x2be) [0x7f4b3cbbde7e]
/home/user/Xylinx/Vivado/2023.1/lib/lnx64.o/librdi_wavedata.so(WaveViewer::WVTreeWVObjectModel::traverseYRange(WaveViewer::WVTreeWVObjectModel::ITraverseHandler&, int, int) const+0x57) [0x7f4b3cbbdfb7]
/home/user/Xylinx/Vivado/2023.1/lib/lnx64.o/librdi_wavedata.so(WaveViewer::WVWaveformPanel::getGraphics(HDGDStringStream&, long&)+0x3a9) [0x7f4b3cbd9bf9]
/home/user/Xylinx/Vivado/2023.1/lib/lnx64.o/librdi_wavedata.so(WVExecutiveImp::getGraphicsDataSize()+0x9a) [0x7f4b3cb95d1a]
/home/user/Xylinx/Vivado/2023.1/lib/lnx64.o/librdi_wavedata.so(WVExecutive::getGraphicsDataSize()+0xf) [0x7f4b3cb9618f]
/home/user/Xylinx/Vivado/2023.1/lib/lnx64.o/librdi_wavedata.so(Java_ui_views_waveform_waveformi_WVExecutive_1getGraphicsDataSize+0x17) [0x7f4b3cbe2517]
[0x7f4b1560d53a]
