INFO: [VRFC 10-2263] Analyzing SystemVerilog file "/home/mckayla/Desktop/mdennis_thesis_23_24/quickq_v2/RTL/adr_cnt.sv" into library xil_defaultlib
INFO: [VRFC 10-311] analyzing module adr_cnt
INFO: [VRFC 10-2263] Analyzing SystemVerilog file "/home/mckayla/Desktop/mdennis_thesis_23_24/quickq_v2/RTL/adr_inc.sv" into library xil_defaultlib
INFO: [VRFC 10-311] analyzing module adr_inc
INFO: [VRFC 10-2263] Analyzing SystemVerilog file "/home/mckayla/Desktop/mdennis_thesis_23_24/pq_pkg.sv" into library xil_defaultlib
INFO: [VRFC 10-2263] Analyzing SystemVerilog file "/home/mckayla/Desktop/mdennis_thesis_23_24/quickq_v2/RTL/kv_cmp_mag.sv" into library xil_defaultlib
INFO: [VRFC 10-311] analyzing module kv_cmp_mag
INFO: [VRFC 10-2263] Analyzing SystemVerilog file "/home/mckayla/Desktop/mdennis_thesis_23_24/quickq_v2/RTL/kv_dffre.sv" into library xil_defaultlib
INFO: [VRFC 10-311] analyzing module kv_dffre
INFO: [VRFC 10-2263] Analyzing SystemVerilog file "/home/mckayla/Desktop/mdennis_thesis_23_24/quickq_v2/RTL/kv_mux4.sv" into library xil_defaultlib
INFO: [VRFC 10-311] analyzing module kv_mux4
INFO: [VRFC 10-2263] Analyzing SystemVerilog file "/home/mckayla/Desktop/mdennis_thesis_23_24/quickq_v2/RTL/mem2p_sw_sr.sv" into library xil_defaultlib
INFO: [VRFC 10-311] analyzing module mem2p_sw_sr
INFO: [VRFC 10-2263] Analyzing SystemVerilog file "/home/mckayla/Desktop/mdennis_thesis_23_24/pq_if.sv" into library xil_defaultlib
INFO: [VRFC 10-2263] Analyzing SystemVerilog file "/home/mckayla/Desktop/mdennis_thesis_23_24/pq_mux2.sv" into library xil_defaultlib
INFO: [VRFC 10-311] analyzing module pq_mux2
INFO: [VRFC 10-2263] Analyzing SystemVerilog file "/home/mckayla/Desktop/mdennis_thesis_23_24/quickq_v2/RTL/qq_control.sv" into library xil_defaultlib
INFO: [VRFC 10-311] analyzing module qq_control
INFO: [VRFC 10-2263] Analyzing SystemVerilog file "/home/mckayla/Desktop/mdennis_thesis_23_24/quickq_v2/RTL/qq_fsm.sv" into library xil_defaultlib
INFO: [VRFC 10-311] analyzing module qq_fsm
INFO: [VRFC 10-2263] Analyzing SystemVerilog file "/home/mckayla/Desktop/mdennis_thesis_23_24/quickq_v2/RTL/qq_node.sv" into library xil_defaultlib
INFO: [VRFC 10-311] analyzing module qq_node
INFO: [VRFC 10-2263] Analyzing SystemVerilog file "/home/mckayla/Desktop/mdennis_thesis_23_24/quickq_v2/RTL/qq_top.sv" into library xil_defaultlib
INFO: [VRFC 10-311] analyzing module qq_top
INFO: [VRFC 10-2263] Analyzing SystemVerilog file "/home/mckayla/Desktop/mdennis_thesis_23_24/quickq_v2/quickq.sv" into library xil_defaultlib
INFO: [VRFC 10-311] analyzing module quickq
INFO: [VRFC 10-2263] Analyzing SystemVerilog file "/home/mckayla/Desktop/mdennis_thesis_23_24/quickq_tb.sv" into library xil_defaultlib
INFO: [VRFC 10-311] analyzing module quickq_tb
INFO: [VRFC 10-2263] Analyzing SystemVerilog file "/home/mckayla/Desktop/mdennis_thesis_23_24/quickq_v2/RTL/reg_sr.sv" into library xil_defaultlib
INFO: [VRFC 10-311] analyzing module reg_sr
INFO: [VRFC 10-2263] Analyzing SystemVerilog file "/home/mckayla/Desktop/mdennis_thesis_23_24/quickq_v2/RTL/reg_sr_empty.sv" into library xil_defaultlib
INFO: [VRFC 10-311] analyzing module reg_sr_empty
INFO: [VRFC 10-2263] Analyzing SystemVerilog file "/home/mckayla/Desktop/mdennis_thesis_23_24/quickq_top.sv" into library xil_defaultlib
INFO: [VRFC 10-311] analyzing module quickq_top
