#-----------------------------------------------------------
# Vivado v2020.2 (64-bit)
# SW Build 3064766 on Wed Nov 18 09:12:45 MST 2020
# IP Build 3064653 on Wed Nov 18 14:17:31 MST 2020
# Start of session at: Thu Jul  7 11:40:00 2022
# Process ID: 13196
# Current directory: C:/Users/ehgartns/Documents/summerReasearch2022/hw_pq/ra_pq_s
# Command line: vivado.exe -gui_launcher_event rodinguilauncherevent6984 C:\Users\ehgartns\Documents\summerReasearch2022\hw_pq\ra_pq_s\ra_pq_s_project.xpr
# Log file: C:/Users/ehgartns/Documents/summerReasearch2022/hw_pq/ra_pq_s/vivado.log
# Journal file: C:/Users/ehgartns/Documents/summerReasearch2022/hw_pq/ra_pq_s\vivado.jou
#-----------------------------------------------------------
start_gui
open_project C:/Users/ehgartns/Documents/summerReasearch2022/hw_pq/ra_pq_s/ra_pq_s_project.xpr
WARNING: [filemgmt 56-3] Default IP Output Path : Could not find the directory 'C:/Users/ehgartns/Documents/summerReasearch2022/hw_pq/ra_pq_s/ra_pq_s_project.gen/sources_1'.
Scanning sources...
Finished scanning sources
INFO: [IP_Flow 19-234] Refreshing IP repositories
INFO: [IP_Flow 19-1704] No user IP repositories specified
INFO: [IP_Flow 19-2313] Loaded Vivado IP repository 'C:/Xilinx/Vivado/2020.2/data/ip'.
open_project: Time (s): cpu = 00:00:19 ; elapsed = 00:00:09 . Memory (MB): peak = 1088.383 ; gain = 0.000
update_compile_order -fileset sources_1
reset_run synth_1
launch_runs impl_1 -jobs 2
[Thu Jul  7 11:42:12 2022] Launched synth_1...
Run output will be captured here: C:/Users/ehgartns/Documents/summerReasearch2022/hw_pq/ra_pq_s/ra_pq_s_project.runs/synth_1/runme.log
[Thu Jul  7 11:42:12 2022] Launched impl_1...
Run output will be captured here: C:/Users/ehgartns/Documents/summerReasearch2022/hw_pq/ra_pq_s/ra_pq_s_project.runs/impl_1/runme.log
reset_run synth_1
launch_runs impl_1 -jobs 2
[Thu Jul  7 12:07:22 2022] Launched synth_1...
Run output will be captured here: C:/Users/ehgartns/Documents/summerReasearch2022/hw_pq/ra_pq_s/ra_pq_s_project.runs/synth_1/runme.log
[Thu Jul  7 12:07:22 2022] Launched impl_1...
Run output will be captured here: C:/Users/ehgartns/Documents/summerReasearch2022/hw_pq/ra_pq_s/ra_pq_s_project.runs/impl_1/runme.log
reset_run synth_1
launch_runs impl_1 -jobs 2
[Thu Jul  7 12:19:46 2022] Launched synth_1...
Run output will be captured here: C:/Users/ehgartns/Documents/summerReasearch2022/hw_pq/ra_pq_s/ra_pq_s_project.runs/synth_1/runme.log
[Thu Jul  7 12:19:46 2022] Launched impl_1...
Run output will be captured here: C:/Users/ehgartns/Documents/summerReasearch2022/hw_pq/ra_pq_s/ra_pq_s_project.runs/impl_1/runme.log
reset_run synth_1
launch_runs impl_1 -jobs 2
[Thu Jul  7 12:23:23 2022] Launched synth_1...
Run output will be captured here: C:/Users/ehgartns/Documents/summerReasearch2022/hw_pq/ra_pq_s/ra_pq_s_project.runs/synth_1/runme.log
[Thu Jul  7 12:23:23 2022] Launched impl_1...
Run output will be captured here: C:/Users/ehgartns/Documents/summerReasearch2022/hw_pq/ra_pq_s/ra_pq_s_project.runs/impl_1/runme.log
reset_run synth_1
launch_runs impl_1 -jobs 2
[Thu Jul  7 12:28:21 2022] Launched synth_1...
Run output will be captured here: C:/Users/ehgartns/Documents/summerReasearch2022/hw_pq/ra_pq_s/ra_pq_s_project.runs/synth_1/runme.log
[Thu Jul  7 12:28:21 2022] Launched impl_1...
Run output will be captured here: C:/Users/ehgartns/Documents/summerReasearch2022/hw_pq/ra_pq_s/ra_pq_s_project.runs/impl_1/runme.log
reset_run synth_1
launch_runs impl_1 -jobs 2
[Thu Jul  7 12:32:10 2022] Launched synth_1...
Run output will be captured here: C:/Users/ehgartns/Documents/summerReasearch2022/hw_pq/ra_pq_s/ra_pq_s_project.runs/synth_1/runme.log
[Thu Jul  7 12:32:10 2022] Launched impl_1...
Run output will be captured here: C:/Users/ehgartns/Documents/summerReasearch2022/hw_pq/ra_pq_s/ra_pq_s_project.runs/impl_1/runme.log
reset_run synth_1
launch_runs impl_1 -jobs 2
[Thu Jul  7 12:35:55 2022] Launched synth_1...
Run output will be captured here: C:/Users/ehgartns/Documents/summerReasearch2022/hw_pq/ra_pq_s/ra_pq_s_project.runs/synth_1/runme.log
[Thu Jul  7 12:35:55 2022] Launched impl_1...
Run output will be captured here: C:/Users/ehgartns/Documents/summerReasearch2022/hw_pq/ra_pq_s/ra_pq_s_project.runs/impl_1/runme.log
reset_run synth_1
launch_runs impl_1 -jobs 2
[Thu Jul  7 12:40:27 2022] Launched synth_1...
Run output will be captured here: C:/Users/ehgartns/Documents/summerReasearch2022/hw_pq/ra_pq_s/ra_pq_s_project.runs/synth_1/runme.log
[Thu Jul  7 12:40:28 2022] Launched impl_1...
Run output will be captured here: C:/Users/ehgartns/Documents/summerReasearch2022/hw_pq/ra_pq_s/ra_pq_s_project.runs/impl_1/runme.log
reset_run synth_1
launch_runs impl_1 -jobs 2
[Thu Jul  7 12:45:57 2022] Launched synth_1...
Run output will be captured here: C:/Users/ehgartns/Documents/summerReasearch2022/hw_pq/ra_pq_s/ra_pq_s_project.runs/synth_1/runme.log
[Thu Jul  7 12:45:57 2022] Launched impl_1...
Run output will be captured here: C:/Users/ehgartns/Documents/summerReasearch2022/hw_pq/ra_pq_s/ra_pq_s_project.runs/impl_1/runme.log
reset_run synth_1
launch_runs impl_1 -jobs 2
[Thu Jul  7 12:55:48 2022] Launched synth_1...
Run output will be captured here: C:/Users/ehgartns/Documents/summerReasearch2022/hw_pq/ra_pq_s/ra_pq_s_project.runs/synth_1/runme.log
[Thu Jul  7 12:55:48 2022] Launched impl_1...
Run output will be captured here: C:/Users/ehgartns/Documents/summerReasearch2022/hw_pq/ra_pq_s/ra_pq_s_project.runs/impl_1/runme.log
reset_run synth_1
launch_runs impl_1 -jobs 2
[Thu Jul  7 14:11:25 2022] Launched synth_1...
Run output will be captured here: C:/Users/ehgartns/Documents/summerReasearch2022/hw_pq/ra_pq_s/ra_pq_s_project.runs/synth_1/runme.log
[Thu Jul  7 14:11:26 2022] Launched impl_1...
Run output will be captured here: C:/Users/ehgartns/Documents/summerReasearch2022/hw_pq/ra_pq_s/ra_pq_s_project.runs/impl_1/runme.log
launch_runs: Time (s): cpu = 00:00:00 ; elapsed = 00:00:20 . Memory (MB): peak = 1088.383 ; gain = 0.000
exit
INFO: [Common 17-206] Exiting Vivado at Thu Jul  7 14:32:28 2022...
