
*** Running vivado
    with args -log ra_pq_wrapper.vds -m64 -product Vivado -mode batch -messageDb vivado.pb -notrace -source ra_pq_wrapper.tcl



****** Vivado v2020.2 (64-bit)
  **** SW Build 3064766 on Wed Nov 18 09:12:45 MST 2020
  **** IP Build 3064653 on Wed Nov 18 14:17:31 MST 2020
    ** Copyright 1986-2020 Xilinx, Inc. All Rights Reserved.

source ra_pq_wrapper.tcl -notrace
Command: synth_design -top ra_pq_wrapper -part xc7a100tcsg324-1
Starting synth_design
Attempting to get a license for feature 'Synthesis' and/or device 'xc7a100t'
INFO: [Common 17-349] Got license for feature 'Synthesis' and/or device 'xc7a100t'
INFO: [Device 21-403] Loading part xc7a100tcsg324-1
INFO: [Synth 8-7079] Multithreading enabled for synth_design using a maximum of 2 processes.
INFO: [Synth 8-7078] Launching helper process for spawning children vivado processes
INFO: [Synth 8-7075] Helper process launched with PID 11844
---------------------------------------------------------------------------------
Starting RTL Elaboration : Time (s): cpu = 00:00:04 ; elapsed = 00:00:05 . Memory (MB): peak = 1139.492 ; gain = 50.613
---------------------------------------------------------------------------------
INFO: [Synth 8-6157] synthesizing module 'ra_pq_wrapper' [C:/Users/ehgartns/Documents/summerReasearch2022/hw_pq/ra_pq/ra_pq_wrapper.sv:14]
INFO: [Synth 8-6157] synthesizing module 'debounce' [C:/Users/ehgartns/Documents/summerReasearch2022/hw_pq/ra_pq/debounce.sv:13]
	Parameter CLKPD_NS bound to: 10 - type: integer 
	Parameter CLKFREQ bound to: 100000000 - type: integer 
	Parameter DEBOUNCE_MS bound to: 10 - type: integer 
	Parameter CTRBITS bound to: 20 - type: integer 
INFO: [Synth 8-6155] done synthesizing module 'debounce' (1#1) [C:/Users/ehgartns/Documents/summerReasearch2022/hw_pq/ra_pq/debounce.sv:13]
INFO: [Synth 8-6157] synthesizing module 'single_pulser' [C:/Users/ehgartns/Documents/summerReasearch2022/hw_pq/ra_pq/single_pulser.sv:12]
INFO: [Synth 8-6155] done synthesizing module 'single_pulser' (2#1) [C:/Users/ehgartns/Documents/summerReasearch2022/hw_pq/ra_pq/single_pulser.sv:12]
INFO: [Synth 8-6157] synthesizing module 'pq_if' [C:/Users/ehgartns/Documents/summerReasearch2022/hw_pq/pq_if.sv:14]
INFO: [Synth 8-6155] done synthesizing module 'pq_if' (2#1) [C:/Users/ehgartns/Documents/summerReasearch2022/hw_pq/pq_if.sv:14]
INFO: [Synth 8-6157] synthesizing module 'ra_pq' [C:/Users/ehgartns/Documents/summerReasearch2022/hw_pq/ra_pq/ra_pq.sv:16]
INFO: [Synth 8-6157] synthesizing module 'ra_pq_mux2' [C:/Users/ehgartns/Documents/summerReasearch2022/hw_pq/ra_pq/ra_pq_mux2.sv:12]
INFO: [Synth 8-6155] done synthesizing module 'ra_pq_mux2' (3#1) [C:/Users/ehgartns/Documents/summerReasearch2022/hw_pq/ra_pq/ra_pq_mux2.sv:12]
INFO: [Synth 8-6157] synthesizing module 'ra_pq_sort2' [C:/Users/ehgartns/Documents/summerReasearch2022/hw_pq/ra_pq/ra_pq_sort2.sv:13]
INFO: [Synth 8-6155] done synthesizing module 'ra_pq_sort2' (4#1) [C:/Users/ehgartns/Documents/summerReasearch2022/hw_pq/ra_pq/ra_pq_sort2.sv:13]
INFO: [Synth 8-6157] synthesizing module 'ra_pq_reg' [C:/Users/ehgartns/Documents/summerReasearch2022/hw_pq/ra_pq/ra_pq_reg.sv:12]
INFO: [Synth 8-6155] done synthesizing module 'ra_pq_reg' (5#1) [C:/Users/ehgartns/Documents/summerReasearch2022/hw_pq/ra_pq/ra_pq_reg.sv:12]
INFO: [Synth 8-6157] synthesizing module 'ra_pq_mux3' [C:/Users/ehgartns/Documents/summerReasearch2022/hw_pq/ra_pq/ra_pq_mux3.sv:13]
INFO: [Synth 8-6155] done synthesizing module 'ra_pq_mux3' (6#1) [C:/Users/ehgartns/Documents/summerReasearch2022/hw_pq/ra_pq/ra_pq_mux3.sv:13]
INFO: [Synth 8-6155] done synthesizing module 'ra_pq' (7#1) [C:/Users/ehgartns/Documents/summerReasearch2022/hw_pq/ra_pq/ra_pq.sv:16]
INFO: [Synth 8-6157] synthesizing module 'sevenseg_ctl' [C:/Users/ehgartns/Documents/summerReasearch2022/hw_pq/ra_pq/sevenseg_ctl.sv:18]
INFO: [Synth 8-6157] synthesizing module 'period_enb' [C:/Users/ehgartns/Documents/summerReasearch2022/hw_pq/ra_pq/period_enb.sv:20]
	Parameter PERIOD_MS bound to: 1 - type: integer 
	Parameter PERIOD_US bound to: 1000 - type: integer 
	Parameter PERIOD_NS bound to: 1000000 - type: integer 
	Parameter CLKFREQ_MHZ bound to: 100 - type: integer 
	Parameter CLKPD_NS bound to: 10 - type: integer 
	Parameter PERIOD_COUNT_LIMIT bound to: 100000 - type: integer 
	Parameter PERIOD_COUNT_BITS bound to: 17 - type: integer 
INFO: [Synth 8-6155] done synthesizing module 'period_enb' (8#1) [C:/Users/ehgartns/Documents/summerReasearch2022/hw_pq/ra_pq/period_enb.sv:20]
INFO: [Synth 8-6157] synthesizing module 'counter' [C:/Users/ehgartns/Documents/summerReasearch2022/hw_pq/ra_pq/counter.sv:23]
	Parameter W bound to: 3 - type: integer 
INFO: [Synth 8-6155] done synthesizing module 'counter' (9#1) [C:/Users/ehgartns/Documents/summerReasearch2022/hw_pq/ra_pq/counter.sv:23]
INFO: [Synth 8-6157] synthesizing module 'dec_3_8_n' [C:/Users/ehgartns/Documents/summerReasearch2022/hw_pq/ra_pq/dec_3_8_n.sv:23]
INFO: [Synth 8-226] default block is never used [C:/Users/ehgartns/Documents/summerReasearch2022/hw_pq/ra_pq/dec_3_8_n.sv:31]
INFO: [Synth 8-6155] done synthesizing module 'dec_3_8_n' (10#1) [C:/Users/ehgartns/Documents/summerReasearch2022/hw_pq/ra_pq/dec_3_8_n.sv:23]
INFO: [Synth 8-6157] synthesizing module 'mux8' [C:/Users/ehgartns/Documents/summerReasearch2022/hw_pq/ra_pq/mux8.sv:23]
	Parameter W bound to: 7 - type: integer 
INFO: [Synth 8-226] default block is never used [C:/Users/ehgartns/Documents/summerReasearch2022/hw_pq/ra_pq/mux8.sv:28]
INFO: [Synth 8-6155] done synthesizing module 'mux8' (11#1) [C:/Users/ehgartns/Documents/summerReasearch2022/hw_pq/ra_pq/mux8.sv:23]
INFO: [Synth 8-6157] synthesizing module 'sevenseg_ext_n' [C:/Users/ehgartns/Documents/summerReasearch2022/hw_pq/ra_pq/sevenseg_ext_n.sv:12]
INFO: [Synth 8-6155] done synthesizing module 'sevenseg_ext_n' (12#1) [C:/Users/ehgartns/Documents/summerReasearch2022/hw_pq/ra_pq/sevenseg_ext_n.sv:12]
INFO: [Synth 8-6155] done synthesizing module 'sevenseg_ctl' (13#1) [C:/Users/ehgartns/Documents/summerReasearch2022/hw_pq/ra_pq/sevenseg_ctl.sv:18]
INFO: [Synth 8-6155] done synthesizing module 'ra_pq_wrapper' (14#1) [C:/Users/ehgartns/Documents/summerReasearch2022/hw_pq/ra_pq/ra_pq_wrapper.sv:14]
---------------------------------------------------------------------------------
Finished RTL Elaboration : Time (s): cpu = 00:00:11 ; elapsed = 00:00:12 . Memory (MB): peak = 1307.582 ; gain = 218.703
---------------------------------------------------------------------------------
---------------------------------------------------------------------------------
Start Handling Custom Attributes
---------------------------------------------------------------------------------
---------------------------------------------------------------------------------
Finished Handling Custom Attributes : Time (s): cpu = 00:00:12 ; elapsed = 00:00:14 . Memory (MB): peak = 1307.582 ; gain = 218.703
---------------------------------------------------------------------------------
---------------------------------------------------------------------------------
Finished RTL Optimization Phase 1 : Time (s): cpu = 00:00:12 ; elapsed = 00:00:14 . Memory (MB): peak = 1307.582 ; gain = 218.703
---------------------------------------------------------------------------------
Netlist sorting complete. Time (s): cpu = 00:00:07 ; elapsed = 00:00:07 . Memory (MB): peak = 1528.598 ; gain = 47.855
INFO: [Project 1-570] Preparing netlist for logic optimization

Processing XDC Constraints
Initializing timing engine
Parsing XDC File [C:/Users/ehgartns/Documents/summerReasearch2022/hw_pq/ra_pq/ra_pq.xdc]
Finished Parsing XDC File [C:/Users/ehgartns/Documents/summerReasearch2022/hw_pq/ra_pq/ra_pq.xdc]
INFO: [Project 1-236] Implementation specific constraints were found while reading constraint file [C:/Users/ehgartns/Documents/summerReasearch2022/hw_pq/ra_pq/ra_pq.xdc]. These constraints will be ignored for synthesis but will be used in implementation. Impacted constraints are listed in the file [.Xil/ra_pq_wrapper_propImpl.xdc].
Resolution: To avoid this warning, move constraints listed in [.Xil/ra_pq_wrapper_propImpl.xdc] to another XDC file and exclude this new file from synthesis with the used_in_synthesis property (File Properties dialog in GUI) and re-run elaboration/synthesis.
Completed Processing XDC Constraints

Netlist sorting complete. Time (s): cpu = 00:00:00 ; elapsed = 00:00:00.032 . Memory (MB): peak = 1930.340 ; gain = 0.000
INFO: [Project 1-111] Unisim Transformation Summary:
No Unisim elements were transformed.

Constraint Validation Runtime : Time (s): cpu = 00:00:01 ; elapsed = 00:00:00.370 . Memory (MB): peak = 1930.340 ; gain = 0.000
---------------------------------------------------------------------------------
Finished Constraint Validation : Time (s): cpu = 00:00:59 ; elapsed = 00:00:57 . Memory (MB): peak = 1930.340 ; gain = 841.461
---------------------------------------------------------------------------------
---------------------------------------------------------------------------------
Start Loading Part and Timing Information
---------------------------------------------------------------------------------
Loading part: xc7a100tcsg324-1
---------------------------------------------------------------------------------
Finished Loading Part and Timing Information : Time (s): cpu = 00:00:59 ; elapsed = 00:00:57 . Memory (MB): peak = 1930.340 ; gain = 841.461
---------------------------------------------------------------------------------
---------------------------------------------------------------------------------
Start Applying 'set_property' XDC Constraints
---------------------------------------------------------------------------------
---------------------------------------------------------------------------------
Finished applying 'set_property' XDC Constraints : Time (s): cpu = 00:00:59 ; elapsed = 00:00:57 . Memory (MB): peak = 1930.340 ; gain = 841.461
---------------------------------------------------------------------------------
---------------------------------------------------------------------------------
Finished RTL Optimization Phase 2 : Time (s): cpu = 00:01:03 ; elapsed = 00:01:03 . Memory (MB): peak = 1930.340 ; gain = 841.461
---------------------------------------------------------------------------------
---------------------------------------------------------------------------------
Start RTL Component Statistics 
---------------------------------------------------------------------------------
Detailed RTL Component Info : 
+---Adders : 
	   2 Input    3 Bit       Adders := 1     
+---XORs : 
	   2 Input      1 Bit         XORs := 3     
+---Registers : 
	               32 Bit    Registers := 2048  
	                3 Bit    Registers := 1     
	                1 Bit    Registers := 15    
+---Muxes : 
	   2 Input   32 Bit        Muxes := 6138  
	   4 Input   32 Bit        Muxes := 2     
	   8 Input    8 Bit        Muxes := 1     
	  17 Input    7 Bit        Muxes := 1     
---------------------------------------------------------------------------------
Finished RTL Component Statistics 
---------------------------------------------------------------------------------
---------------------------------------------------------------------------------
Start Part Resource Summary
---------------------------------------------------------------------------------
Part Resources:
DSPs: 240 (col length:80)
BRAMs: 270 (col length: RAMB18 80 RAMB36 40)
---------------------------------------------------------------------------------
Finished Part Resource Summary
---------------------------------------------------------------------------------
---------------------------------------------------------------------------------
Start Cross Boundary and Area Optimization
---------------------------------------------------------------------------------
---------------------------------------------------------------------------------
Finished Cross Boundary and Area Optimization : Time (s): cpu = 00:07:46 ; elapsed = 00:08:49 . Memory (MB): peak = 1930.340 ; gain = 841.461
---------------------------------------------------------------------------------
---------------------------------------------------------------------------------
Start Applying XDC Timing Constraints
---------------------------------------------------------------------------------
---------------------------------------------------------------------------------
Finished Applying XDC Timing Constraints : Time (s): cpu = 00:08:03 ; elapsed = 00:09:13 . Memory (MB): peak = 1930.340 ; gain = 841.461
---------------------------------------------------------------------------------
---------------------------------------------------------------------------------
Start Timing Optimization
---------------------------------------------------------------------------------
---------------------------------------------------------------------------------
Finished Timing Optimization : Time (s): cpu = 00:10:10 ; elapsed = 00:11:20 . Memory (MB): peak = 2119.145 ; gain = 1030.266
---------------------------------------------------------------------------------
---------------------------------------------------------------------------------
Start Technology Mapping
---------------------------------------------------------------------------------
---------------------------------------------------------------------------------
Finished Technology Mapping : Time (s): cpu = 00:12:26 ; elapsed = 00:13:56 . Memory (MB): peak = 2119.145 ; gain = 1030.266
---------------------------------------------------------------------------------
---------------------------------------------------------------------------------
Start IO Insertion
---------------------------------------------------------------------------------
---------------------------------------------------------------------------------
Start Flattening Before IO Insertion
---------------------------------------------------------------------------------
---------------------------------------------------------------------------------
Finished Flattening Before IO Insertion
---------------------------------------------------------------------------------
---------------------------------------------------------------------------------
Start Final Netlist Cleanup
---------------------------------------------------------------------------------
---------------------------------------------------------------------------------
Finished Final Netlist Cleanup
---------------------------------------------------------------------------------
---------------------------------------------------------------------------------
Finished IO Insertion : Time (s): cpu = 00:12:49 ; elapsed = 00:14:21 . Memory (MB): peak = 2119.145 ; gain = 1030.266
---------------------------------------------------------------------------------
---------------------------------------------------------------------------------
Start Renaming Generated Instances
---------------------------------------------------------------------------------
---------------------------------------------------------------------------------
Finished Renaming Generated Instances : Time (s): cpu = 00:12:49 ; elapsed = 00:14:22 . Memory (MB): peak = 2119.145 ; gain = 1030.266
---------------------------------------------------------------------------------
---------------------------------------------------------------------------------
Start Rebuilding User Hierarchy
---------------------------------------------------------------------------------
---------------------------------------------------------------------------------
Finished Rebuilding User Hierarchy : Time (s): cpu = 00:14:07 ; elapsed = 00:15:41 . Memory (MB): peak = 2119.145 ; gain = 1030.266
---------------------------------------------------------------------------------
---------------------------------------------------------------------------------
Start Renaming Generated Ports
---------------------------------------------------------------------------------
---------------------------------------------------------------------------------
Finished Renaming Generated Ports : Time (s): cpu = 00:14:09 ; elapsed = 00:15:42 . Memory (MB): peak = 2119.145 ; gain = 1030.266
---------------------------------------------------------------------------------
---------------------------------------------------------------------------------
Start Handling Custom Attributes
---------------------------------------------------------------------------------
---------------------------------------------------------------------------------
Finished Handling Custom Attributes : Time (s): cpu = 00:14:16 ; elapsed = 00:15:49 . Memory (MB): peak = 2119.145 ; gain = 1030.266
---------------------------------------------------------------------------------
---------------------------------------------------------------------------------
Start Renaming Generated Nets
---------------------------------------------------------------------------------
---------------------------------------------------------------------------------
Finished Renaming Generated Nets : Time (s): cpu = 00:14:16 ; elapsed = 00:15:50 . Memory (MB): peak = 2119.145 ; gain = 1030.266
---------------------------------------------------------------------------------
---------------------------------------------------------------------------------
Start Writing Synthesis Report
---------------------------------------------------------------------------------

Report BlackBoxes: 
+-+--------------+----------+
| |BlackBox name |Instances |
+-+--------------+----------+
+-+--------------+----------+

Report Cell Usage: 
+------+-------+------+
|      |Cell   |Count |
+------+-------+------+
|1     |BUFG   |     1|
|2     |CARRY4 |  4115|
|3     |LUT1   |     7|
|4     |LUT2   |    97|
|5     |LUT3   | 65244|
|6     |LUT4   | 22674|
|7     |LUT5   | 56798|
|8     |LUT6   | 10187|
|9     |FDRE   | 16482|
|10    |FDSE   | 32768|
|11    |IBUF   |    21|
|12    |OBUF   |    19|
+------+-------+------+
---------------------------------------------------------------------------------
Finished Writing Synthesis Report : Time (s): cpu = 00:14:17 ; elapsed = 00:15:50 . Memory (MB): peak = 2119.145 ; gain = 1030.266
---------------------------------------------------------------------------------
Synthesis finished with 0 errors, 0 critical warnings and 0 warnings.
Synthesis Optimization Runtime : Time (s): cpu = 00:13:23 ; elapsed = 00:15:13 . Memory (MB): peak = 2119.145 ; gain = 407.508
Synthesis Optimization Complete : Time (s): cpu = 00:14:17 ; elapsed = 00:15:52 . Memory (MB): peak = 2119.145 ; gain = 1030.266
INFO: [Project 1-571] Translating synthesized netlist
Netlist sorting complete. Time (s): cpu = 00:00:05 ; elapsed = 00:00:05 . Memory (MB): peak = 2140.852 ; gain = 0.000
INFO: [Netlist 29-17] Analyzing 4115 Unisim elements for replacement
INFO: [Netlist 29-28] Unisim Transformation completed in 2 CPU seconds
INFO: [Project 1-570] Preparing netlist for logic optimization
INFO: [Opt 31-138] Pushed 0 inverter(s) to 0 load pin(s).
Netlist sorting complete. Time (s): cpu = 00:00:00 ; elapsed = 00:00:00.062 . Memory (MB): peak = 2328.168 ; gain = 0.000
INFO: [Project 1-111] Unisim Transformation Summary:
No Unisim elements were transformed.

INFO: [Common 17-83] Releasing license: Synthesis
47 Infos, 0 Warnings, 0 Critical Warnings and 0 Errors encountered.
synth_design completed successfully
synth_design: Time (s): cpu = 00:15:27 ; elapsed = 00:17:00 . Memory (MB): peak = 2328.168 ; gain = 1239.289
INFO: [Common 17-1381] The checkpoint 'C:/Users/ehgartns/Documents/summerReasearch2022/hw_pq/ra_pq/ra_pq_project.runs/synth_1/ra_pq_wrapper.dcp' has been generated.
write_checkpoint: Time (s): cpu = 00:00:39 ; elapsed = 00:00:29 . Memory (MB): peak = 2328.168 ; gain = 0.000
INFO: [runtcl-4] Executing : report_utilization -file ra_pq_wrapper_utilization_synth.rpt -pb ra_pq_wrapper_utilization_synth.pb
INFO: [Common 17-206] Exiting Vivado at Thu Jul  7 11:31:11 2022...
