#-----------------------------------------------------------
# Vivado v2020.2 (64-bit)
# SW Build 3064766 on Wed Nov 18 09:12:45 MST 2020
# IP Build 3064653 on Wed Nov 18 14:17:31 MST 2020
# Start of session at: Mon Jul 11 11:46:22 2022
# Process ID: 9896
# Current directory: C:/Users/ehgartns/Documents/summerReasearch2022/hw_pq/sr_pq_s
# Command line: vivado.exe -gui_launcher_event rodinguilauncherevent14552 C:\Users\ehgartns\Documents\summerReasearch2022\hw_pq\sr_pq_s\sr_pq_s.xpr
# Log file: C:/Users/ehgartns/Documents/summerReasearch2022/hw_pq/sr_pq_s/vivado.log
# Journal file: C:/Users/ehgartns/Documents/summerReasearch2022/hw_pq/sr_pq_s\vivado.jou
#-----------------------------------------------------------
start_gui
open_project C:/Users/ehgartns/Documents/summerReasearch2022/hw_pq/sr_pq_s/sr_pq_s.xpr
WARNING: [filemgmt 56-3] Default IP Output Path : Could not find the directory 'C:/Users/ehgartns/Documents/summerReasearch2022/hw_pq/sr_pq_s/sr_pq_s.gen/sources_1'.
Scanning sources...
Finished scanning sources
INFO: [IP_Flow 19-234] Refreshing IP repositories
INFO: [IP_Flow 19-1704] No user IP repositories specified
INFO: [IP_Flow 19-2313] Loaded Vivado IP repository 'C:/Xilinx/Vivado/2020.2/data/ip'.
open_project: Time (s): cpu = 00:00:22 ; elapsed = 00:00:13 . Memory (MB): peak = 1092.254 ; gain = 0.000
update_compile_order -fileset sources_1
