#-----------------------------------------------------------
# Vivado v2020.2 (64-bit)
# SW Build 3064766 on Wed Nov 18 09:12:45 MST 2020
# IP Build 3064653 on Wed Nov 18 14:17:31 MST 2020
# Start of session at: Mon Aug  1 11:10:58 2022
# Process ID: 8956
# Current directory: C:/Users/ehgartns/Documents/new_pq_repo/auto_pq_16 bit
# Command line: vivado.exe -gui_launcher_event rodinguilauncherevent3640 C:\Users\ehgartns\Documents\new_pq_repo\auto_pq_16 bit\auto_pq_16.xpr
# Log file: C:/Users/ehgartns/Documents/new_pq_repo/auto_pq_16 bit/vivado.log
# Journal file: C:/Users/ehgartns/Documents/new_pq_repo/auto_pq_16 bit\vivado.jou
#-----------------------------------------------------------
start_gui
open_project {C:/Users/ehgartns/Documents/new_pq_repo/auto_pq_16 bit/auto_pq_16.xpr}
WARNING: [filemgmt 56-3] Default IP Output Path : Could not find the directory 'C:/Users/ehgartns/Documents/new_pq_repo/auto_pq_16 bit/auto_pq_16.gen/sources_1'.
Scanning sources...
Finished scanning sources
INFO: [IP_Flow 19-234] Refreshing IP repositories
INFO: [IP_Flow 19-1704] No user IP repositories specified
INFO: [IP_Flow 19-2313] Loaded Vivado IP repository 'C:/Xilinx/Vivado/2020.2/data/ip'.
open_project: Time (s): cpu = 00:00:21 ; elapsed = 00:00:12 . Memory (MB): peak = 1082.738 ; gain = 0.000
update_compile_order -fileset sources_1
exit
INFO: [Common 17-206] Exiting Vivado at Mon Aug  1 13:30:00 2022...
